TN:
SF:src/SHACLToJSONSchema.ts
FN:6,stringDatatypeToJSONSchema
FN:19,addMinAndMaxToJSONSchema
FN:39,numberDatatypeToJSONSchema
FN:45,integerDatatypeToJSONSchema
FN:51,getBaseSchemaForShapeDatatype
FN:81,propertyShapeWithDatatypeToJSONSchema
FN:92,propertyShapeWithNodeToJSONSchema
FN:99,(anonymous_7)
FN:105,propertyShapeWithNodeKindToJSONSchema
FN:122,propertyShapeToJSONSchema
FN:157,getFieldNameFromProperty
FN:174,getMinAndMaxCountFromProperty
FN:186,addFieldAsRequiredInSchemaIfMinCountGreaterThanZero
FN:200,addPropertyToSchema
FN:203,(anonymous_14)
FN:221,nodeShapeToJSONSchema
FN:225,(anonymous_16)
FNF:17
FNH:17
FNDA:22,stringDatatypeToJSONSchema
FNDA:3,addMinAndMaxToJSONSchema
FNDA:1,numberDatatypeToJSONSchema
FNDA:2,integerDatatypeToJSONSchema
FNDA:31,getBaseSchemaForShapeDatatype
FNDA:31,propertyShapeWithDatatypeToJSONSchema
FNDA:2,propertyShapeWithNodeToJSONSchema
FNDA:2,(anonymous_7)
FNDA:5,propertyShapeWithNodeKindToJSONSchema
FNDA:39,propertyShapeToJSONSchema
FNDA:40,getFieldNameFromProperty
FNDA:41,getMinAndMaxCountFromProperty
FNDA:39,addFieldAsRequiredInSchemaIfMinCountGreaterThanZero
FNDA:42,addPropertyToSchema
FNDA:2,(anonymous_14)
FNDA:39,nodeShapeToJSONSchema
FNDA:34,(anonymous_16)
DA:3,1
DA:4,1
DA:7,22
DA:8,22
DA:9,1
DA:10,1
DA:12,22
DA:13,1
DA:14,1
DA:16,22
DA:20,3
DA:21,1
DA:22,1
DA:24,3
DA:25,1
DA:26,1
DA:28,3
DA:29,1
DA:30,1
DA:32,3
DA:33,1
DA:34,1
DA:36,3
DA:40,1
DA:41,1
DA:42,1
DA:46,2
DA:47,2
DA:48,2
DA:52,31
DA:53,31
DA:54,31
DA:56,22
DA:63,1
DA:65,2
DA:67,1
DA:69,1
DA:71,1
DA:73,1
DA:75,1
DA:77,1
DA:84,31
DA:85,30
DA:86,1
DA:87,1
DA:89,30
DA:96,2
DA:97,2
DA:98,1
DA:99,2
DA:102,1
DA:106,5
DA:107,5
DA:108,1
DA:110,4
DA:111,1
DA:113,3
DA:114,1
DA:116,2
DA:117,1
DA:119,1
DA:129,39
DA:130,31
DA:131,8
DA:132,2
DA:133,6
DA:134,5
DA:136,1
DA:138,36
DA:139,3
DA:146,36
DA:147,1
DA:148,1
DA:150,36
DA:151,1
DA:152,1
DA:154,36
DA:158,40
DA:159,40
DA:160,40
DA:161,40
DA:162,1
DA:163,1
DA:164,1
DA:165,39
DA:166,0
DA:167,39
DA:168,38
DA:170,1
DA:177,41
DA:178,39
DA:180,41
DA:181,4
DA:183,41
DA:191,39
DA:192,4
DA:193,3
DA:195,1
DA:201,42
DA:202,42
DA:203,1
DA:204,2
DA:211,41
DA:212,41
DA:213,40
DA:214,39
DA:215,39
DA:216,36
DA:221,1
DA:222,39
DA:223,39
DA:224,33
DA:225,33
DA:226,34
DA:229,6
DA:231,35
DA:232,1
DA:234,35
LF:118
LH:117
BRDA:8,0,0,1
BRDA:12,1,0,1
BRDA:20,2,0,1
BRDA:24,3,0,1
BRDA:28,4,0,1
BRDA:32,5,0,1
BRDA:53,6,0,31
BRDA:53,6,1,0
BRDA:54,7,0,22
BRDA:54,7,1,1
BRDA:54,7,2,1
BRDA:54,7,3,1
BRDA:54,7,4,1
BRDA:54,7,5,1
BRDA:54,7,6,1
BRDA:54,7,7,2
BRDA:54,7,8,1
BRDA:54,7,9,1
BRDA:54,7,10,1
BRDA:54,7,11,1
BRDA:54,7,12,1
BRDA:54,7,13,1
BRDA:85,8,0,1
BRDA:87,9,0,1
BRDA:87,9,1,0
BRDA:97,10,0,1
BRDA:107,11,0,1
BRDA:110,12,0,1
BRDA:113,13,0,1
BRDA:116,14,0,1
BRDA:116,15,0,2
BRDA:116,15,1,2
BRDA:116,15,2,2
BRDA:129,16,0,31
BRDA:129,16,1,8
BRDA:131,17,0,2
BRDA:131,17,1,6
BRDA:133,18,0,5
BRDA:133,18,1,1
BRDA:138,19,0,3
BRDA:138,20,0,36
BRDA:138,20,1,36
BRDA:142,21,0,1
BRDA:142,21,1,2
BRDA:143,22,0,1
BRDA:143,22,1,2
BRDA:146,23,0,1
BRDA:146,24,0,36
BRDA:146,24,1,1
BRDA:148,25,0,0
BRDA:148,25,1,1
BRDA:150,26,0,1
BRDA:150,27,0,36
BRDA:150,27,1,1
BRDA:152,28,0,0
BRDA:152,28,1,1
BRDA:159,29,0,2
BRDA:159,29,1,38
BRDA:160,30,0,38
BRDA:160,30,1,2
BRDA:161,31,0,1
BRDA:161,31,1,39
BRDA:161,32,0,40
BRDA:161,32,1,1
BRDA:162,33,0,1
BRDA:162,33,1,0
BRDA:163,34,0,0
BRDA:163,34,1,1
BRDA:165,35,0,0
BRDA:165,35,1,39
BRDA:167,36,0,38
BRDA:167,36,1,1
BRDA:167,37,0,39
BRDA:167,37,1,39
BRDA:168,38,0,0
BRDA:168,38,1,38
BRDA:177,39,0,39
BRDA:180,40,0,4
BRDA:191,41,0,4
BRDA:191,42,0,39
BRDA:191,42,1,4
BRDA:192,43,0,3
BRDA:192,43,1,1
BRDA:202,44,0,1
BRDA:202,44,1,41
BRDA:212,45,0,40
BRDA:223,46,0,33
BRDA:223,46,1,6
BRDA:231,47,0,1
BRDA:231,48,0,35
BRDA:231,48,1,1
BRF:91
BRH:83
end_of_record
TN:
SF:src/Util.ts
FN:5,getValue
FN:13,(anonymous_1)
FNF:2
FNH:2
FNDA:59,getValue
FNDA:3,(anonymous_1)
DA:5,1
DA:12,59
DA:13,3
DA:14,58
DA:15,58
DA:17,0
LF:6
LH:5
BRDA:12,0,0,1
BRDA:12,0,1,58
BRDA:12,1,0,59
BRDA:12,1,1,59
BRDA:14,2,0,58
BRF:5
BRH:5
end_of_record
TN:
SF:src/Vocabulary.ts
FN:5,createNamespace
FN:9,(anonymous_1)
FNF:2
FNH:2
FNDA:3,createNamespace
FNDA:74,(anonymous_1)
DA:9,3
DA:10,74
DA:15,1
DA:23,1
DA:38,1
LF:5
LH:5
BRF:0
BRH:0
end_of_record
